
Copyright (C) 1994-2018 Synopsys, Inc.
This Synopsys software and all associated documentation are proprietary to Synopsys, Inc.
and may only be used pursuant to the terms and conditions of a written license agreement
with Synopsys, Inc. All other use, reproduction, modification, or distribution of the
Synopsys software or the associated documentation is strictly prohibited.
Tool: Synplify Pro (R)
Build: O-2018.09-SP1
Install: C:\Synopsys\fpga_O-2018.09-SP1
OS: Windows 6.2

Hostname: BXX228

Implementation : rev_1
Synopsys HDL compiler and linker, Version comp2018q4p1, Build 004R, Built Nov 27 2018 21:11:36

Modified Files: 1
FID:  path (prevtimestamp, timestamp)
10       F:\Spring 2020\ESE382\Lab 4\New Lab 4\gray_to_binary_2\gray_bin_conditional_dc\src\gray_bin_conditional_dc.vhd (2020-02-26 16:10:48, 2020-02-26 16:33:20)

*******************************************************************
Modules that may have changed as a result of file changes: 1
MID:  lib.cell.view
2        work.gray_bin.conditional_dc may have changed because the following files changed:
                        F:\Spring 2020\ESE382\Lab 4\New Lab 4\gray_to_binary_2\gray_bin_conditional_dc\src\gray_bin_conditional_dc.vhd (2020-02-26 16:10:48, 2020-02-26 16:33:20) <-- (architecture and entity definition)

*******************************************************************
Unmodified files: 9
FID:  path (timestamp)
0        C:\Synopsys\fpga_O-2018.09-SP1\lib\vhd\arith.vhd (2018-11-28 00:07:18)
1        C:\Synopsys\fpga_O-2018.09-SP1\lib\vhd\hyperents.vhd (2018-11-28 00:07:18)
2        C:\Synopsys\fpga_O-2018.09-SP1\lib\vhd\location.map (2018-11-28 16:41:36)
3        C:\Synopsys\fpga_O-2018.09-SP1\lib\vhd\numeric.vhd (2018-11-28 00:07:18)
4        C:\Synopsys\fpga_O-2018.09-SP1\lib\vhd\snps_haps_pkg.vhd (2018-11-28 00:07:18)
5        C:\Synopsys\fpga_O-2018.09-SP1\lib\vhd\std.vhd (2018-11-28 00:07:18)
6        C:\Synopsys\fpga_O-2018.09-SP1\lib\vhd\std1164.vhd (2018-11-28 00:07:18)
7        C:\Synopsys\fpga_O-2018.09-SP1\lib\vhd\umr_capim.vhd (2018-11-28 00:07:18)
8        C:\Synopsys\fpga_O-2018.09-SP1\lib\vhd\unsigned.vhd (2018-11-28 00:07:18)

*******************************************************************
Unchanged modules: 0
MID:  lib.cell.view
