
Copyright (C) 1994-2018 Synopsys, Inc.
This Synopsys software and all associated documentation are proprietary to Synopsys, Inc.
and may only be used pursuant to the terms and conditions of a written license agreement
with Synopsys, Inc. All other use, reproduction, modification, or distribution of the
Synopsys software or the associated documentation is strictly prohibited.
Tool: Synplify Pro (R)
Build: N-2018.03L-SP1-1
Install: C:\lscc\diamond\3.11_x64\synpbase
OS: Windows 6.2

Hostname: ISHABULHAQU7CFE

Implementation : impl1
Synopsys HDL compiler and linker, Version comp2018q2p1, Build 461R, Built Apr  1 2019 09:17:43

Modified Files: 13
FID:  path (prevtimestamp, timestamp)
0        C:\My_Designs\Lab 8\lab8\task1\src\SPI_test_system_I.vhd (N/A, 2020-04-28 17:02:12)
1        C:\My_Designs\Lab 8\lab8\task1\src\send_pos_edge_det.vhd (N/A, 2020-04-28 14:42:26)
2        C:\My_Designs\Lab 8\lab8\task1\src\spi_tx_shifter.vhd (N/A, 2020-04-28 16:21:43)
3        C:\lscc\diamond\3.11_x64\cae_library\synthesis\vhdl\xp.vhd (N/A, 2018-11-15 00:32:16)
4        C:\lscc\diamond\3.11_x64\synpbase\lib\vhd\arith.vhd (N/A, 2019-04-01 09:07:44)
5        C:\lscc\diamond\3.11_x64\synpbase\lib\vhd\hyperents.vhd (N/A, 2019-04-01 09:07:44)
6        C:\lscc\diamond\3.11_x64\synpbase\lib\vhd\location.map (N/A, 2019-04-01 16:01:20)
7        C:\lscc\diamond\3.11_x64\synpbase\lib\vhd\numeric.vhd (N/A, 2019-04-01 09:07:44)
8        C:\lscc\diamond\3.11_x64\synpbase\lib\vhd\snps_haps_pkg.vhd (N/A, 2019-04-01 09:07:44)
9        C:\lscc\diamond\3.11_x64\synpbase\lib\vhd\std.vhd (N/A, 2019-04-01 09:07:44)
10       C:\lscc\diamond\3.11_x64\synpbase\lib\vhd\std1164.vhd (N/A, 2019-04-01 09:07:44)
11       C:\lscc\diamond\3.11_x64\synpbase\lib\vhd\umr_capim.vhd (N/A, 2019-04-01 09:07:44)
12       C:\lscc\diamond\3.11_x64\synpbase\lib\vhd\unsigned.vhd (N/A, 2019-04-01 09:07:44)

*******************************************************************
Modules that may have changed as a result of file changes: 3
MID:  lib.cell.view
0        work.send_pos_edge_det.moore_fsm may have changed because the following files changed:
                        C:\My_Designs\Lab 8\lab8\task1\src\SPI_test_system_I.vhd (N/A, 2020-04-28 17:02:12) <-- (may instantiate this module)
                        C:\My_Designs\Lab 8\lab8\task1\src\send_pos_edge_det.vhd (N/A, 2020-04-28 14:42:26) <-- (architecture and entity definition)
2        work.spi_test_system_i.structural may have changed because the following files changed:
                        C:\My_Designs\Lab 8\lab8\task1\src\SPI_test_system_I.vhd (N/A, 2020-04-28 17:02:12) <-- (architecture and entity definition)
4        work.spi_tx_shifter.fsm may have changed because the following files changed:
                        C:\My_Designs\Lab 8\lab8\task1\src\SPI_test_system_I.vhd (N/A, 2020-04-28 17:02:12) <-- (may instantiate this module)
                        C:\My_Designs\Lab 8\lab8\task1\src\spi_tx_shifter.vhd (N/A, 2020-04-28 16:21:43) <-- (architecture and entity definition)

*******************************************************************
Unmodified files: 0
FID:  path (timestamp)

*******************************************************************
Unchanged modules: 0
MID:  lib.cell.view
