# ELBREAD: Elaboration process.
# ELBREAD: Elaboration time 0.0 [s].
# Waveform file 'F:/Spring 2020/ESE382/Lab 4/New Lab 4/gray_to_binary_2/gray_bin_table_lookup_dc/src/task4.awc' connected to 'F:/Spring 2020/ESE382/Lab 4/New Lab 4/gray_to_binary_2/gray_bin_table_lookup_dc/src/task4.asdb'.
acom -reorder -dbg -e 100 -work gray_bin_conditional_dc -2008  $dsn/src/gray_bin_selfcheck_TB(3).vhd $dsn/src/proj_1.vhm
# File: F:\Spring 2020\ESE382\Lab 4\New Lab 4\gray_to_binary_2\gray_bin_conditional_dc\src\gray_bin_selfcheck_TB(3).vhd
# Compile Entity "gray_bin_selfcheck_tb"
# Compile Architecture "tb_architecture" of Entity "gray_bin_selfcheck_tb"
# File: F:\Spring 2020\ESE382\Lab 4\New Lab 4\gray_to_binary_2\gray_bin_conditional_dc\src\proj_1.vhm
# Compile Entity "AND2"
# Compile Architecture "beh" of Entity "AND2"
# Compile Entity "IBUF"
# Compile Architecture "beh" of Entity "IBUF"
# Compile Entity "INV"
# Compile Architecture "beh" of Entity "INV"
# Compile Entity "OBUF"
# Compile Architecture "beh" of Entity "OBUF"
# Compile Entity "XOR2"
# Compile Architecture "beh" of Entity "XOR2"
# Compile Entity "gray_bin"
# Compile Architecture "beh" of Entity "gray_bin"
# Incorrect order of units detected.
# Automatic reorder and incremental recompilation of required units in progress.
# Top-level unit(s) detected:
# Entity => gray_bin_selfcheck_tb
# File: F:\Spring 2020\ESE382\Lab 4\New Lab 4\gray_to_binary_2\gray_bin_conditional_dc\src\gray_bin_selfcheck_TB(3).vhd
# Compile Architecture "tb_architecture" of Entity "gray_bin_selfcheck_tb"
# Compile success 0 Errors 0 Warnings  Analysis time :  0.3 [s]
# ULM: Warning: ULM_0021 Architecture `conditional_dc' of entity `gray_bin_conditional_dc.gray_bin' is not up-to-date. Please recompile file `F:\Spring 2020\ESE382\Lab 4\New Lab 4\gray_to_binary_2\gray_bin_conditional_dc/src/gray_bin_conditional_dc.vhd'.
# ULM: Warning: ULM_0021 Architecture `conditional_dc' of entity `gray_bin_conditional_dc.gray_bin' is not up-to-date. Please recompile file `F:\Spring 2020\ESE382\Lab 4\New Lab 4\gray_to_binary_2\gray_bin_conditional_dc/src/gray_bin_conditional_dc.vhd'.
# ULM: Warning: ULM_0021 Architecture `conditional_dc' of entity `gray_bin_conditional_dc.gray_bin' is not up-to-date. Please recompile file `F:\Spring 2020\ESE382\Lab 4\New Lab 4\gray_to_binary_2\gray_bin_conditional_dc/src/gray_bin_conditional_dc.vhd'.
acom -dbg -e 100 -work gray_bin_conditional_dc -2008  $dsn/src/gray_bin_selfcheck_TB(3).vhd $dsn/src/untitled.vhq
# File: F:\Spring 2020\ESE382\Lab 4\New Lab 4\gray_to_binary_2\gray_bin_conditional_dc\src\gray_bin_selfcheck_TB(3).vhd
# Compile Entity "gray_bin_selfcheck_tb"
# Compile Architecture "tb_architecture" of Entity "gray_bin_selfcheck_tb"
# File: F:\Spring 2020\ESE382\Lab 4\New Lab 4\gray_to_binary_2\gray_bin_conditional_dc\src\untitled.vhq
# Compile Entity "gray_bin"
# Compile Architecture "structure" of Entity "gray_bin"
# Compile success 0 Errors 0 Warnings  Analysis time :  0.1 [s]
# ULM: Warning: ULM_0021 Architecture `conditional_dc' of entity `gray_bin_conditional_dc.gray_bin' is not up-to-date. Please recompile file `F:\Spring 2020\ESE382\Lab 4\New Lab 4\gray_to_binary_2\gray_bin_conditional_dc/src/gray_bin_conditional_dc.vhd'.
asim -O5 +access +r +m+gray_bin gray_bin conditional_dc
# ELBREAD: Elaboration process.
# ULM: Warning: ULM_0021 Architecture `conditional_dc' of entity `gray_bin_conditional_dc.gray_bin' is not up-to-date. Please recompile file `F:\Spring 2020\ESE382\Lab 4\New Lab 4\gray_to_binary_2\gray_bin_conditional_dc/src/gray_bin_conditional_dc.vhd'.
# ELBREAD: Error: Architecture 'conditional_dc' of entity 'gray_bin' not found in library 'gray_bin_conditional_dc'.
# ELBREAD: Error: Elaboration process completed with errors.
# Design: Error: Elaboration failed
# ULM: Warning: ULM_0021 Architecture `conditional_dc' of entity `gray_bin_conditional_dc.gray_bin' is not up-to-date. Please recompile file `F:\Spring 2020\ESE382\Lab 4\New Lab 4\gray_to_binary_2\gray_bin_conditional_dc/src/gray_bin_conditional_dc.vhd'.
# Error: VSIM: cannot select specified top-level
# Design: Design gray_bin_conditional_dc already active.
# 
# ELBREAD: Elaboration process.
# ELBREAD: Error: The contents of entity 'gray_bin_conditional_dc.gray_bin' instantiated in architecture 'tb_architecture:gray_bin_selfcheck_tb' differ from the contents available during the compilation of this architecture.
# ELBREAD: Error: Elaboration process completed with errors.
# Design: Error: Elaboration failed
# ELBREAD: Elaboration process.
# ELBREAD: Error: The contents of entity 'gray_bin_conditional_dc.gray_bin' instantiated in architecture 'tb_architecture:gray_bin_selfcheck_tb' differ from the contents available during the compilation of this architecture.
# ELBREAD: Error: Elaboration process completed with errors.
# Design: Error: Elaboration failed
acom -dbg -e 100 -work gray_bin_conditional_dc -2008  $dsn/src/gray_bin_selfcheck_TB(3).vhd $dsn/src/untitled.vhq
# File: F:\Spring 2020\ESE382\Lab 4\New Lab 4\gray_to_binary_2\gray_bin_conditional_dc\src\gray_bin_selfcheck_TB(3).vhd
# Compile Entity "gray_bin_selfcheck_tb"
# Compile Architecture "tb_architecture" of Entity "gray_bin_selfcheck_tb"
# File: F:\Spring 2020\ESE382\Lab 4\New Lab 4\gray_to_binary_2\gray_bin_conditional_dc\src\untitled.vhq
# Compile Entity "gray_bin"
# Compile Architecture "structure" of Entity "gray_bin"
# Compile success 0 Errors 0 Warnings  Analysis time :  94.0 [ms]
# ELBREAD: Elaboration process.
# ELBREAD: Elaboration time 0.0 [s].
asim -O5 +access +r +m+gray_bin_selfcheck_tb gray_bin_selfcheck_tb tb_architecture
# ELBREAD: Elaboration process.
# ELBREAD: Elaboration time 0.0 [s].
# VSIM: Stack memory: 32MB
# VSIM: Retval memory: 32MB
# 
# KERNEL: Main thread initiated.
# KERNEL: Kernel process initialization phase.
# ELAB2: Elaboration final pass...
# ELAB2: Create instances ...
# KERNEL: Time resolution set to 1ps.
# ELAB2: Create instances complete.
# SLP: Started
# SLP: Elaboration phase ...
# SLP: Elaboration phase ... skipped, nothing to simulate in SLP mode : 0.0 [s]
# SLP: Finished : 0.0 [s]
# ELAB2: Elaboration final pass complete - time: 0.0 [s].
# KERNEL: Warning: You are using the Active-HDL EDU Edition. The performance of simulation is running at a reduced rate.
# KERNEL: Warning: Contact Aldec for available upgrade options - sales@aldec.com.
# KERNEL: Kernel process initialization done.
# Allocation: Simulator allocated 7162 kB (elbread=1280 elab2=5739 kernel=142 sdf=0)
# KERNEL: ASDB file was created in location F:\Spring 2020\ESE382\Lab 4\New Lab 4\gray_to_binary_2\gray_bin_conditional_dc\src\wave.asdb
#  4:44 PM, Wednesday, February 26, 2020
#  Simulation has been initialized
# 3 signal(s) traced.
# Waveform file 'untitled.awc' connected to 'F:/Spring 2020/ESE382/Lab 4/New Lab 4/gray_to_binary_2/gray_bin_conditional_dc/src/wave.asdb'.
run
# EXECUTION:: ERROR  : Error for input 1000.
# EXECUTION:: Time: 180 ns,  Iteration: 0,  Instance: /gray_bin_selfcheck_tb,  Process: stimulus.
# EXECUTION:: ERROR  : Error for input 1001.
# EXECUTION:: Time: 200 ns,  Iteration: 0,  Instance: /gray_bin_selfcheck_tb,  Process: stimulus.
# EXECUTION:: ERROR  : Error for input 1010.
# EXECUTION:: Time: 220 ns,  Iteration: 0,  Instance: /gray_bin_selfcheck_tb,  Process: stimulus.
# EXECUTION:: ERROR  : Error for input 1011.
# EXECUTION:: Time: 240 ns,  Iteration: 0,  Instance: /gray_bin_selfcheck_tb,  Process: stimulus.
# KERNEL: Simulation has finished. There are no more test vectors to simulate.
# Waveform file 'F:/Spring 2020/ESE382/Lab 4/New Lab 4/gray_to_binary_2/gray_bin_conditional_dc/src/untitled.awc' connected to 'F:/Spring 2020/ESE382/Lab 4/New Lab 4/gray_to_binary_2/gray_bin_conditional_dc/src/untitled.asdb'.
# Adding file F:\Spring 2020\ESE382\Lab 4\New Lab 4\gray_to_binary_2\gray_bin_conditional_dc\src\untitled.asdb ... Done
# Adding file F:\Spring 2020\ESE382\Lab 4\New Lab 4\gray_to_binary_2\gray_bin_conditional_dc\src\untitled.awc ... Done
