# Design: Design gray_bin_csop already active.
# 
# DESIGN: Default Design Language: VHDL
# DESIGN: Default BDE Language: VHDL
# DESIGN: Flow Manager: Not Defined
acom -reorder -O3 -e 100 -work gray_bin_csop -2002  {\\Mac\Home\Desktop\ESE382\Lab3\gray_to_binary\gray_bin_csop\src\gray_bin.vhd}
# Warning: DAGGEN_0523: The source is compiled without the -dbg switch. Line breakpoints and assertion debug will not be available.
# Error: VLM_0021: The working library "gray_bin_csop" not found in the installation.
# Compile failure 1 Errors 0 Warnings  Analysis time :  31.0 [ms]
acom -reorder -O3 -e 100 -work gray_bin_csop -2002  {\\Mac\Home\Desktop\ESE382\Lab3\gray_to_binary\gray_bin_csop\src\gray_bin.vhd}
# Warning: DAGGEN_0523: The source is compiled without the -dbg switch. Line breakpoints and assertion debug will not be available.
# Error: VLM_0021: The working library "gray_bin_csop" not found in the installation.
# Compile failure 1 Errors 0 Warnings  Analysis time :  47.0 [ms]
acom -reorder -O3 -e 100 -work gray_bin_csop -2002  {\\Mac\Home\Desktop\ESE382\Lab3\gray_to_binary\gray_bin_csop\src\gray_bin_TB(1).vhd}
# Warning: DAGGEN_0523: The source is compiled without the -dbg switch. Line breakpoints and assertion debug will not be available.
# Error: VLM_0021: The working library "gray_bin_csop" not found in the installation.
# Compile failure 1 Errors 0 Warnings  Analysis time :  47.0 [ms]
acom -reorder -O3 -e 100 -work gray_bin_csop -2002  {\\Mac\Home\Desktop\ESE382\Lab3\gray_to_binary\gray_bin_csop\src\gray_bin_TB(1).vhd}
# Warning: DAGGEN_0523: The source is compiled without the -dbg switch. Line breakpoints and assertion debug will not be available.
# Error: VLM_0021: The working library "gray_bin_csop" not found in the installation.
# Compile failure 1 Errors 0 Warnings  Analysis time :  31.0 [ms]
acom -reorder -O3 -e 100 -work gray_bin_csop -2002  {\\Mac\Home\Desktop\ESE382\Lab3\gray_to_binary\gray_bin_csop\src\gray_bin_TB(1).vhd}
# Warning: DAGGEN_0523: The source is compiled without the -dbg switch. Line breakpoints and assertion debug will not be available.
# Error: VLM_0021: The working library "gray_bin_csop" not found in the installation.
# Compile failure 1 Errors 0 Warnings  Analysis time :  16.0 [ms]
acom -reorder -O3 -e 100 -work gray_bin_csop -2002  {\\Mac\Home\Desktop\ESE382\Lab3\gray_to_binary\gray_bin_csop\src\gray_bin.vhd} {\\Mac\Home\Desktop\ESE382\Lab3\gray_to_binary\gray_bin_csop\src\gray_bin_TB(1).vhd}
# Warning: DAGGEN_0523: The source is compiled without the -dbg switch. Line breakpoints and assertion debug will not be available.
# Error: VLM_0021: The working library "gray_bin_csop" not found in the installation.
# Compile failure 1 Errors 0 Warnings  Analysis time :  16.0 [ms]
acom -reorder -O3 -e 100 -work gray_bin_csop -2002  {\\Mac\Home\Desktop\ESE382\Lab3\gray_to_binary\gray_bin_csop\src\gray_bin_TB(1).vhd}
# Warning: DAGGEN_0523: The source is compiled without the -dbg switch. Line breakpoints and assertion debug will not be available.
# Error: VLM_0021: The working library "gray_bin_csop" not found in the installation.
# Compile failure 1 Errors 0 Warnings  Analysis time :  16.0 [ms]
# Design: Design "gray_bin_csop" has been set as active.
acom -reorder -O3 -e 100 -work gray_bin_csop -2002  {\\Mac\Home\Desktop\ESE382\Lab3\gray_to_binary\gray_bin_csop\src\gray_bin.vhd} {\\Mac\Home\Desktop\ESE382\Lab3\gray_to_binary\gray_bin_csop\src\gray_bin_TB(1).vhd}
# Warning: DAGGEN_0523: The source is compiled without the -dbg switch. Line breakpoints and assertion debug will not be available.
# Error: VLM_0021: The working library "gray_bin_csop" not found in the installation.
# Compile failure 1 Errors 0 Warnings  Analysis time :  16.0 [ms]
open -vhdl {\\Mac\Home\Desktop\ESE382\csop.vhd}
acom -reorder -O3 -e 100 -work gray_bin_csop -2002  {\\Mac\Home\Desktop\ESE382\Lab3\gray_to_binary\gray_bin_csop\src\gray_bin_TB(1).vhd}
# Warning: DAGGEN_0523: The source is compiled without the -dbg switch. Line breakpoints and assertion debug will not be available.
# Error: VLM_0021: The working library "gray_bin_csop" not found in the installation.
# Compile failure 1 Errors 0 Warnings  Analysis time :  16.0 [ms]
acom -reorder -O3 -e 100 -work gray_bin_csop -2002  {\\Mac\Home\Desktop\ESE382\Lab3\gray_to_binary\gray_bin_csop\src\gray_bin_TB(1).vhd}
# Warning: DAGGEN_0523: The source is compiled without the -dbg switch. Line breakpoints and assertion debug will not be available.
# Error: VLM_0021: The working library "gray_bin_csop" not found in the installation.
# Compile failure 1 Errors 0 Warnings  Analysis time :  16.0 [ms]
# Design: Design "gray_bin_csop" has been set as active.
