Active-HDL 10.5a.12.6914 2020-02-26 15:00:26

Elaboration top modules:
Architecture                  tb_architecture(gray_bin_selfcheck_tb)


----------------------------------------------------------------------------------------------------------
Entity                | Architecture    | Library  | Info | Compiler Version        | Compilation Options
----------------------------------------------------------------------------------------------------------
gray_bin_selfcheck_tb | tb_architecture | gray_bin |      | 10.5a.12.6914 (Windows) | -dbg -2008
gray_bin              | selected        | gray_bin |      | 10.5a.12.6914 (Windows) | -dbg -2008
----------------------------------------------------------------------------------------------------------

----------------------------------------------------------------------------------------------------------
VHDL Package                            | Library  | Info | Compiler Version        | Compilation Options
----------------------------------------------------------------------------------------------------------
standard                                | std      |      |                         | <unavailable>
TEXTIO                                  | std      |      |                         | <unavailable>
std_logic_1164                          | ieee     |      |                         | <unavailable>
NUMERIC_STD                             | ieee     |      |                         | <unavailable>
----------------------------------------------------------------------------------------------------------

----------------------------------------------------------------------------------------------------------
Library                                 | Comment
----------------------------------------------------------------------------------------------------------
gray_bin                                | None
ieee                                    | Standard IEEE packages library
std                                     | Standard VHDL library
----------------------------------------------------------------------------------------------------------
