
Copyright (C) 1994-2018 Synopsys, Inc.
This Synopsys software and all associated documentation are proprietary to Synopsys, Inc.
and may only be used pursuant to the terms and conditions of a written license agreement
with Synopsys, Inc. All other use, reproduction, modification, or distribution of the
Synopsys software or the associated documentation is strictly prohibited.
Tool: Synplify Pro (R)
Build: N-2018.03L-SP1-1
Install: C:\lscc\diamond\3.11_x64\synpbase
OS: Windows 6.2

Hostname: ISHABULHAQU7CFE

Implementation : impl1

# Written on Mon May 11 12:55:48 2020

##### DESIGN INFO #######################################################

Top View:                "SPI_test_system_I"
Constraint File(s):      (none)




##### SUMMARY ############################################################

Found 0 issues in 0 out of 0 constraints


##### DETAILS ############################################################



Clock Relationships
*******************

Starting                  Ending                    |     rise to rise     |     fall to fall     |     rise to fall     |     fall to rise                     
---------------------------------------------------------------------------------------------------------------------------------------------------------------
SPI_test_system_I|clk     SPI_test_system_I|clk     |     3.340            |     No paths         |     No paths         |     No paths                         
===============================================================================================================================================================
 Note: 'No paths' indicates there are no paths in the design for that pair of clock edges.
       'Diff grp' indicates that paths exist but the starting clock and ending clock are in different clock groups.


Unconstrained Start/End Points
******************************

p:cpha
p:cpol
p:data_in[0]
p:data_in[1]
p:data_in[2]
p:data_in[3]
p:data_in[4]
p:data_in[5]
p:data_in[6]
p:data_in[7]
p:mosi
p:rst_bar
p:sck
p:send
p:ss_bar


Inapplicable constraints
************************

(none)


Applicable constraints with issues
**********************************

(none)


Constraints with matching wildcard expressions
**********************************************

(none)


Library Report
**************


# End of Constraint Checker Report
