Running in Lattice mode

Starting:    C:\lscc\diamond\3.11_x64\synpbase\bin64\mbin\synplify.exe
Install:     C:\lscc\diamond\3.11_x64\synpbase
Hostname:    ISHABULHAQU7CFE
Date:        Mon May 11 12:55:30 2020
Version:     N-2018.03L-SP1-1

Arguments:   -product synplify_pro -tcl //Mac/Home/Desktop/ESE382/lab9/impl1/launch_synplify.tcl
ProductType: synplify_pro





No project opened.
auto_infer_blackbox is not supported in current product.
Removed file: C:\lscc\diamond\3.11_x64\cae_library\synthesis\vhdl\xp.vhd
Removed file: C:\My_Designs\Lab 8\lab8\task1\src\SPI_test_system_I.vhd
TCL script complete: "//Mac/Home/Desktop/ESE382/lab9/impl1/launch_synplify.tcl"
log file: "\\Mac\Home\Desktop\ESE382\lab9\impl1\impl1.srr"
Running: impl1 in foreground

Running impl1_syn|impl1

Running Flow: compile (Compile) on impl1_syn|impl1
# Mon May 11 12:55:42 2020

Running Flow: compile_flow (Compile Process) on impl1_syn|impl1
# Mon May 11 12:55:42 2020

Running: compiler (Compile Input) on impl1_syn|impl1
# Mon May 11 12:55:42 2020
Copied \\Mac\Home\Desktop\ESE382\lab9\impl1\synwork\impl1_comp.srs to \\Mac\Home\Desktop\ESE382\lab9\impl1\impl1.srs

compiler completed
# Mon May 11 12:55:46 2020

Return Code: 0
Run Time:00h:00m:04s

Running: multi_srs_gen (Multi-srs Generator) on impl1_syn|impl1
# Mon May 11 12:55:46 2020

multi_srs_gen completed
# Mon May 11 12:55:46 2020

Return Code: 0
Run Time:00h:00m:00s
Copied \\Mac\Home\Desktop\ESE382\lab9\impl1\synwork\impl1_mult.srs to \\Mac\Home\Desktop\ESE382\lab9\impl1\impl1.srs
Complete: Compile Process on impl1_syn|impl1

Running: premap (Premap) on impl1_syn|impl1
# Mon May 11 12:55:46 2020

premap completed with warnings
# Mon May 11 12:55:48 2020

Return Code: 1
Run Time:00h:00m:02s
Complete: Compile on impl1_syn|impl1

Running Flow: map (Map) on impl1_syn|impl1
# Mon May 11 12:55:48 2020

Running: fpga_mapper (Map & Optimize) on impl1_syn|impl1
# Mon May 11 12:55:48 2020
Copied \\Mac\Home\Desktop\ESE382\lab9\impl1\synwork\impl1_m.srm to \\Mac\Home\Desktop\ESE382\lab9\impl1\impl1.srm

fpga_mapper completed with warnings
# Mon May 11 12:55:53 2020

Return Code: 1
Run Time:00h:00m:05s
Complete: Map on impl1_syn|impl1
Complete: Logic Synthesis on impl1_syn|impl1
0\\Mac\Home\Desktop\ESE382\lab9\impl1\proj_1.prj\\Mac\Home\Desktop\ESE382\lab9\impl1\proj_1.prjlog file: "\\Mac\Home\Desktop\ESE382\lab9\impl1\lab9\SPI_test_system_II.srr"
Running: lab9 in foreground

Running proj_1|lab9

Running Flow: compile (Compile) on proj_1|lab9
# Mon May 11 15:20:03 2020

Running Flow: compile_flow (Compile Process) on proj_1|lab9
# Mon May 11 15:20:03 2020

Running: compiler (Compile Input) on proj_1|lab9
# Mon May 11 15:20:03 2020
Job failed on: proj_1|lab9

Job: "compiler" terminated with error status: 2
See log file: "\\Mac\Home\Desktop\ESE382\lab9\impl1\lab9\synlog\SPI_test_system_II_compiler.srr"
# Mon May 11 15:20:04 2020

Return Code: 2
Run Time:00h:00m:01s
Complete: Compile Process on proj_1|lab9
Complete: Compile on proj_1|lab9
Complete: Logic Synthesis on proj_1|lab9
2Copied \\Mac\Home\Desktop\ESE382\lab9\impl1\lab9\SPI_test_system_II.srr to \\Mac\Home\Desktop\ESE382\lab9\impl1\lab9\backup\SPI_test_system_II.srr
log file: "\\Mac\Home\Desktop\ESE382\lab9\impl1\lab9\SPI_test_system_II.srr"
Running: lab9 in foreground

Running proj_1|lab9

Running Flow: compile (Compile) on proj_1|lab9
# Mon May 11 15:20:28 2020

Running Flow: compile_flow (Compile Process) on proj_1|lab9
# Mon May 11 15:20:28 2020

Running: compiler (Compile Input) on proj_1|lab9
# Mon May 11 15:20:28 2020
Job failed on: proj_1|lab9

Job: "compiler" terminated with error status: 2
See log file: "\\Mac\Home\Desktop\ESE382\lab9\impl1\lab9\synlog\SPI_test_system_II_compiler.srr"
# Mon May 11 15:20:29 2020

Return Code: 2
Run Time:00h:00m:01s
Complete: Compile Process on proj_1|lab9
Complete: Compile on proj_1|lab9
Complete: Logic Synthesis on proj_1|lab9
2auto_infer_blackbox is not supported in current product.
log file: "\\Mac\Home\Desktop\ESE382\Lab 8\Synplify\rev_1\proj_1.srr"
Running: rev_1 in foreground

Running proj_1|rev_1

Running Flow: compile (Compile) on proj_1|rev_1
# Mon May 11 15:21:01 2020

Running Flow: compile_flow (Compile Process) on proj_1|rev_1
# Mon May 11 15:21:01 2020

Running: compiler (Compile Input) on proj_1|rev_1
# Mon May 11 15:21:01 2020
Job failed on: proj_1|rev_1

Job: "compiler" terminated with error status: 2
See log file: "\\Mac\Home\Desktop\ESE382\Lab 8\Synplify\rev_1\synlog\proj_1_compiler.srr"
# Mon May 11 15:21:02 2020

Return Code: 2
Run Time:00h:00m:01s
Complete: Compile Process on proj_1|rev_1
Complete: Compile on proj_1|rev_1
Complete: Logic Synthesis on proj_1|rev_1
2exit status=2
